
*** Running vivado
    with args -log MAND.vds -m64 -product Vivado -mode batch -messageDb vivado.pb -notrace -source MAND.tcl


****** Vivado v2018.3 (64-bit)
  **** SW Build 2405991 on Thu Dec  6 23:38:27 MST 2018
  **** IP Build 2404404 on Fri Dec  7 01:43:56 MST 2018
    ** Copyright 1986-2018 Xilinx, Inc. All Rights Reserved.

source MAND.tcl -notrace
WARNING: [Common 17-1361] You have specified a new message control rule that is equivalent to an existing rule with attributes ' -id {[BD 41-1271]}  -suppress '. The existing rule will be replaced.
WARNING: [Common 17-1361] You have specified a new message control rule that is equivalent to an existing rule with attributes ' -id {[BD 41-1271]}  -suppress '. The existing rule will be replaced.
WARNING: [Common 17-1361] You have specified a new message control rule that is equivalent to an existing rule with attributes ' -id {[BD 41-1306]}  -suppress '. The existing rule will be replaced.
Command: synth_design -top MAND -part xc7k325tffg900-2
Starting synth_design
Attempting to get a license for feature 'Synthesis' and/or device 'xc7k325t'
INFO: [Common 17-349] Got license for feature 'Synthesis' and/or device 'xc7k325t'
INFO: Launching helper process for spawning children vivado processes
INFO: Helper process launched with PID 33012 
---------------------------------------------------------------------------------
Starting RTL Elaboration : Time (s): cpu = 00:00:02 ; elapsed = 00:00:02 . Memory (MB): peak = 438.176 ; gain = 98.566
---------------------------------------------------------------------------------
INFO: [Synth 8-6157] synthesizing module 'MAND' [D:/YCB/YCB/PROJECT/EEG_signal_processing/FPGA/EEG_cal/code/MAND.v:23]
	Parameter DATA_W bound to: 32 - type: integer 
	Parameter MAND_NUM bound to: 15 - type: integer 
INFO: [Synth 8-6157] synthesizing module 'mean_cal_new' [D:/YCB/YCB/PROJECT/EEG_signal_processing/FPGA/EEG_cal/code/mean_cal_new.v:23]
	Parameter DATA_W bound to: 32 - type: integer 
	Parameter MEAN_NUM bound to: 4096 - type: integer 
	Parameter WIN bound to: 1024 - type: integer 
	Parameter MEAN_NUM_W bound to: 12 - type: integer 
	Parameter WIN_W bound to: 10 - type: integer 
INFO: [Synth 8-6155] done synthesizing module 'mean_cal_new' (1#1) [D:/YCB/YCB/PROJECT/EEG_signal_processing/FPGA/EEG_cal/code/mean_cal_new.v:23]
INFO: [Synth 8-6155] done synthesizing module 'MAND' (2#1) [D:/YCB/YCB/PROJECT/EEG_signal_processing/FPGA/EEG_cal/code/MAND.v:23]
---------------------------------------------------------------------------------
Finished RTL Elaboration : Time (s): cpu = 00:00:02 ; elapsed = 00:00:02 . Memory (MB): peak = 493.895 ; gain = 154.285
---------------------------------------------------------------------------------

Report Check Netlist: 
+------+------------------+-------+---------+-------+------------------+
|      |Item              |Errors |Warnings |Status |Description       |
+------+------------------+-------+---------+-------+------------------+
|1     |multi_driven_nets |      0|        0|Passed |Multi driven nets |
+------+------------------+-------+---------+-------+------------------+
---------------------------------------------------------------------------------
Start Handling Custom Attributes
---------------------------------------------------------------------------------
---------------------------------------------------------------------------------
Finished Handling Custom Attributes : Time (s): cpu = 00:00:02 ; elapsed = 00:00:02 . Memory (MB): peak = 493.895 ; gain = 154.285
---------------------------------------------------------------------------------
---------------------------------------------------------------------------------
Finished RTL Optimization Phase 1 : Time (s): cpu = 00:00:02 ; elapsed = 00:00:02 . Memory (MB): peak = 493.895 ; gain = 154.285
---------------------------------------------------------------------------------
INFO: [Device 21-403] Loading part xc7k325tffg900-2
INFO: [Project 1-570] Preparing netlist for logic optimization

Processing XDC Constraints
Initializing timing engine
Parsing XDC File [D:/YCB/YCB/PROJECT/EEG_signal_processing/FPGA/EEG_cal/EEG_cal.srcs/constrs_1/new/ip_clk_wiz.xdc]
WARNING: [Vivado 12-584] No ports matched 'sys_clk_p'. [D:/YCB/YCB/PROJECT/EEG_signal_processing/FPGA/EEG_cal/EEG_cal.srcs/constrs_1/new/ip_clk_wiz.xdc:2]
CRITICAL WARNING: [Vivado 12-4739] create_clock:No valid object(s) found for '-objects [get_ports sys_clk_p]'. [D:/YCB/YCB/PROJECT/EEG_signal_processing/FPGA/EEG_cal/EEG_cal.srcs/constrs_1/new/ip_clk_wiz.xdc:2]
Resolution: Check if the specified object(s) exists in the current design. If it does, ensure that the correct design hierarchy was specified for the object. If you are working with clocks, make sure create_clock was used to create the clock object before it is referenced.
WARNING: [Vivado 12-584] No ports matched 'sys_clk_p'. [D:/YCB/YCB/PROJECT/EEG_signal_processing/FPGA/EEG_cal/EEG_cal.srcs/constrs_1/new/ip_clk_wiz.xdc:5]
CRITICAL WARNING: [Common 17-55] 'set_property' expects at least one object. [D:/YCB/YCB/PROJECT/EEG_signal_processing/FPGA/EEG_cal/EEG_cal.srcs/constrs_1/new/ip_clk_wiz.xdc:5]
Resolution: If [get_<value>] was used to populate the object, check to make sure this command returns at least one valid object.
WARNING: [Vivado 12-584] No ports matched 'sys_clk_n'. [D:/YCB/YCB/PROJECT/EEG_signal_processing/FPGA/EEG_cal/EEG_cal.srcs/constrs_1/new/ip_clk_wiz.xdc:6]
CRITICAL WARNING: [Common 17-55] 'set_property' expects at least one object. [D:/YCB/YCB/PROJECT/EEG_signal_processing/FPGA/EEG_cal/EEG_cal.srcs/constrs_1/new/ip_clk_wiz.xdc:6]
Resolution: If [get_<value>] was used to populate the object, check to make sure this command returns at least one valid object.
WARNING: [Vivado 12-584] No ports matched 'sys_rst_n'. [D:/YCB/YCB/PROJECT/EEG_signal_processing/FPGA/EEG_cal/EEG_cal.srcs/constrs_1/new/ip_clk_wiz.xdc:8]
CRITICAL WARNING: [Common 17-55] 'set_property' expects at least one object. [D:/YCB/YCB/PROJECT/EEG_signal_processing/FPGA/EEG_cal/EEG_cal.srcs/constrs_1/new/ip_clk_wiz.xdc:8]
Resolution: If [get_<value>] was used to populate the object, check to make sure this command returns at least one valid object.
WARNING: [Vivado 12-584] No ports matched 'clk_200m'. [D:/YCB/YCB/PROJECT/EEG_signal_processing/FPGA/EEG_cal/EEG_cal.srcs/constrs_1/new/ip_clk_wiz.xdc:11]
CRITICAL WARNING: [Common 17-55] 'set_property' expects at least one object. [D:/YCB/YCB/PROJECT/EEG_signal_processing/FPGA/EEG_cal/EEG_cal.srcs/constrs_1/new/ip_clk_wiz.xdc:11]
Resolution: If [get_<value>] was used to populate the object, check to make sure this command returns at least one valid object.
WARNING: [Vivado 12-584] No ports matched 'clk_200m_180deg'. [D:/YCB/YCB/PROJECT/EEG_signal_processing/FPGA/EEG_cal/EEG_cal.srcs/constrs_1/new/ip_clk_wiz.xdc:12]
CRITICAL WARNING: [Common 17-55] 'set_property' expects at least one object. [D:/YCB/YCB/PROJECT/EEG_signal_processing/FPGA/EEG_cal/EEG_cal.srcs/constrs_1/new/ip_clk_wiz.xdc:12]
Resolution: If [get_<value>] was used to populate the object, check to make sure this command returns at least one valid object.
WARNING: [Vivado 12-584] No ports matched 'clk_100m'. [D:/YCB/YCB/PROJECT/EEG_signal_processing/FPGA/EEG_cal/EEG_cal.srcs/constrs_1/new/ip_clk_wiz.xdc:13]
CRITICAL WARNING: [Common 17-55] 'set_property' expects at least one object. [D:/YCB/YCB/PROJECT/EEG_signal_processing/FPGA/EEG_cal/EEG_cal.srcs/constrs_1/new/ip_clk_wiz.xdc:13]
Resolution: If [get_<value>] was used to populate the object, check to make sure this command returns at least one valid object.
WARNING: [Vivado 12-584] No ports matched 'clk_25m'. [D:/YCB/YCB/PROJECT/EEG_signal_processing/FPGA/EEG_cal/EEG_cal.srcs/constrs_1/new/ip_clk_wiz.xdc:14]
CRITICAL WARNING: [Common 17-55] 'set_property' expects at least one object. [D:/YCB/YCB/PROJECT/EEG_signal_processing/FPGA/EEG_cal/EEG_cal.srcs/constrs_1/new/ip_clk_wiz.xdc:14]
Resolution: If [get_<value>] was used to populate the object, check to make sure this command returns at least one valid object.
Finished Parsing XDC File [D:/YCB/YCB/PROJECT/EEG_signal_processing/FPGA/EEG_cal/EEG_cal.srcs/constrs_1/new/ip_clk_wiz.xdc]
Completed Processing XDC Constraints

Netlist sorting complete. Time (s): cpu = 00:00:00 ; elapsed = 00:00:00 . Memory (MB): peak = 888.887 ; gain = 0.000
INFO: [Project 1-111] Unisim Transformation Summary:
No Unisim elements were transformed.

Netlist sorting complete. Time (s): cpu = 00:00:00 ; elapsed = 00:00:00 . Memory (MB): peak = 888.887 ; gain = 0.000
Constraint Validation Runtime : Time (s): cpu = 00:00:00 ; elapsed = 00:00:00.003 . Memory (MB): peak = 888.887 ; gain = 0.000
---------------------------------------------------------------------------------
Finished Constraint Validation : Time (s): cpu = 00:00:08 ; elapsed = 00:00:08 . Memory (MB): peak = 888.887 ; gain = 549.277
---------------------------------------------------------------------------------
---------------------------------------------------------------------------------
Start Loading Part and Timing Information
---------------------------------------------------------------------------------
Loading part: xc7k325tffg900-2
---------------------------------------------------------------------------------
Finished Loading Part and Timing Information : Time (s): cpu = 00:00:08 ; elapsed = 00:00:08 . Memory (MB): peak = 888.887 ; gain = 549.277
---------------------------------------------------------------------------------
---------------------------------------------------------------------------------
Start Applying 'set_property' XDC Constraints
---------------------------------------------------------------------------------
---------------------------------------------------------------------------------
Finished applying 'set_property' XDC Constraints : Time (s): cpu = 00:00:08 ; elapsed = 00:00:08 . Memory (MB): peak = 888.887 ; gain = 549.277
---------------------------------------------------------------------------------
---------------------------------------------------------------------------------
Finished RTL Optimization Phase 2 : Time (s): cpu = 00:00:08 ; elapsed = 00:00:08 . Memory (MB): peak = 888.887 ; gain = 549.277
---------------------------------------------------------------------------------

Report RTL Partitions: 
+-+--------------+------------+----------+
| |RTL Partition |Replication |Instances |
+-+--------------+------------+----------+
+-+--------------+------------+----------+
---------------------------------------------------------------------------------
Start RTL Component Statistics 
---------------------------------------------------------------------------------
Detailed RTL Component Info : 
+---Adders : 
	   4 Input     44 Bit       Adders := 1     
	   3 Input     32 Bit       Adders := 1     
	   2 Input     11 Bit       Adders := 1     
+---Registers : 
	              480 Bit    Registers := 1     
	              168 Bit    Registers := 1     
	               44 Bit    Registers := 1     
	               42 Bit    Registers := 1     
	               32 Bit    Registers := 1     
	               11 Bit    Registers := 1     
	                1 Bit    Registers := 5     
+---Muxes : 
	   2 Input     32 Bit        Muxes := 1     
	   2 Input     11 Bit        Muxes := 1     
---------------------------------------------------------------------------------
Finished RTL Component Statistics 
---------------------------------------------------------------------------------
---------------------------------------------------------------------------------
Start RTL Hierarchical Component Statistics 
---------------------------------------------------------------------------------
Hierarchical RTL Component report 
Module MAND 
Detailed RTL Component Info : 
+---Adders : 
	   3 Input     32 Bit       Adders := 1     
+---Registers : 
	              480 Bit    Registers := 1     
	                1 Bit    Registers := 1     
+---Muxes : 
	   2 Input     32 Bit        Muxes := 1     
Module mean_cal_new 
Detailed RTL Component Info : 
+---Adders : 
	   4 Input     44 Bit       Adders := 1     
	   2 Input     11 Bit       Adders := 1     
+---Registers : 
	              168 Bit    Registers := 1     
	               44 Bit    Registers := 1     
	               42 Bit    Registers := 1     
	               32 Bit    Registers := 1     
	               11 Bit    Registers := 1     
	                1 Bit    Registers := 4     
+---Muxes : 
	   2 Input     11 Bit        Muxes := 1     
---------------------------------------------------------------------------------
Finished RTL Hierarchical Component Statistics
---------------------------------------------------------------------------------
---------------------------------------------------------------------------------
Start Part Resource Summary
---------------------------------------------------------------------------------
Part Resources:
DSPs: 840 (col length:140)
BRAMs: 890 (col length: RAMB18 140 RAMB36 70)
---------------------------------------------------------------------------------
Finished Part Resource Summary
---------------------------------------------------------------------------------
---------------------------------------------------------------------------------
Start Cross Boundary and Area Optimization
---------------------------------------------------------------------------------
Warning: Parallel synthesis criteria is not met 
---------------------------------------------------------------------------------
Finished Cross Boundary and Area Optimization : Time (s): cpu = 00:00:09 ; elapsed = 00:00:09 . Memory (MB): peak = 888.887 ; gain = 549.277
---------------------------------------------------------------------------------

Report RTL Partitions: 
+-+--------------+------------+----------+
| |RTL Partition |Replication |Instances |
+-+--------------+------------+----------+
+-+--------------+------------+----------+
---------------------------------------------------------------------------------
Start Applying XDC Timing Constraints
---------------------------------------------------------------------------------
---------------------------------------------------------------------------------
Finished Applying XDC Timing Constraints : Time (s): cpu = 00:00:15 ; elapsed = 00:00:15 . Memory (MB): peak = 888.887 ; gain = 549.277
---------------------------------------------------------------------------------
---------------------------------------------------------------------------------
Start Timing Optimization
---------------------------------------------------------------------------------
---------------------------------------------------------------------------------
Finished Timing Optimization : Time (s): cpu = 00:00:15 ; elapsed = 00:00:15 . Memory (MB): peak = 890.332 ; gain = 550.723
---------------------------------------------------------------------------------

Report RTL Partitions: 
+-+--------------+------------+----------+
| |RTL Partition |Replication |Instances |
+-+--------------+------------+----------+
+-+--------------+------------+----------+
---------------------------------------------------------------------------------
Start Technology Mapping
---------------------------------------------------------------------------------
---------------------------------------------------------------------------------
Finished Technology Mapping : Time (s): cpu = 00:00:15 ; elapsed = 00:00:15 . Memory (MB): peak = 890.332 ; gain = 550.723
---------------------------------------------------------------------------------

Report RTL Partitions: 
+-+--------------+------------+----------+
| |RTL Partition |Replication |Instances |
+-+--------------+------------+----------+
+-+--------------+------------+----------+
---------------------------------------------------------------------------------
Start IO Insertion
---------------------------------------------------------------------------------
---------------------------------------------------------------------------------
Start Flattening Before IO Insertion
---------------------------------------------------------------------------------
---------------------------------------------------------------------------------
Finished Flattening Before IO Insertion
---------------------------------------------------------------------------------
---------------------------------------------------------------------------------
Start Final Netlist Cleanup
---------------------------------------------------------------------------------
---------------------------------------------------------------------------------
Finished Final Netlist Cleanup
---------------------------------------------------------------------------------
---------------------------------------------------------------------------------
Finished IO Insertion : Time (s): cpu = 00:00:16 ; elapsed = 00:00:16 . Memory (MB): peak = 890.332 ; gain = 550.723
---------------------------------------------------------------------------------

Report Check Netlist: 
+------+------------------+-------+---------+-------+------------------+
|      |Item              |Errors |Warnings |Status |Description       |
+------+------------------+-------+---------+-------+------------------+
|1     |multi_driven_nets |      0|        0|Passed |Multi driven nets |
+------+------------------+-------+---------+-------+------------------+
---------------------------------------------------------------------------------
Start Renaming Generated Instances
---------------------------------------------------------------------------------
---------------------------------------------------------------------------------
Finished Renaming Generated Instances : Time (s): cpu = 00:00:16 ; elapsed = 00:00:16 . Memory (MB): peak = 890.332 ; gain = 550.723
---------------------------------------------------------------------------------

Report RTL Partitions: 
+-+--------------+------------+----------+
| |RTL Partition |Replication |Instances |
+-+--------------+------------+----------+
+-+--------------+------------+----------+
---------------------------------------------------------------------------------
Start Rebuilding User Hierarchy
---------------------------------------------------------------------------------
---------------------------------------------------------------------------------
Finished Rebuilding User Hierarchy : Time (s): cpu = 00:00:16 ; elapsed = 00:00:16 . Memory (MB): peak = 890.332 ; gain = 550.723
---------------------------------------------------------------------------------
---------------------------------------------------------------------------------
Start Renaming Generated Ports
---------------------------------------------------------------------------------
---------------------------------------------------------------------------------
Finished Renaming Generated Ports : Time (s): cpu = 00:00:16 ; elapsed = 00:00:16 . Memory (MB): peak = 890.332 ; gain = 550.723
---------------------------------------------------------------------------------
---------------------------------------------------------------------------------
Start Handling Custom Attributes
---------------------------------------------------------------------------------
---------------------------------------------------------------------------------
Finished Handling Custom Attributes : Time (s): cpu = 00:00:16 ; elapsed = 00:00:16 . Memory (MB): peak = 890.332 ; gain = 550.723
---------------------------------------------------------------------------------
---------------------------------------------------------------------------------
Start Renaming Generated Nets
---------------------------------------------------------------------------------
---------------------------------------------------------------------------------
Finished Renaming Generated Nets : Time (s): cpu = 00:00:16 ; elapsed = 00:00:16 . Memory (MB): peak = 890.332 ; gain = 550.723
---------------------------------------------------------------------------------
---------------------------------------------------------------------------------
Start ROM, RAM, DSP and Shift Register Reporting
---------------------------------------------------------------------------------

Static Shift Register Report:
+------------+-------------------+--------+-------+--------------+--------------------+-------------------+--------+---------+
|Module Name | RTL Name          | Length | Width | Reset Signal | Pull out first Reg | Pull out last Reg | SRL16E | SRLC32E | 
+------------+-------------------+--------+-------+--------------+--------------------+-------------------+--------+---------+
|MAND        | data_lut_reg[479] | 14     | 32    | YES          | NO                 | YES               | 32     | 0       | 
+------------+-------------------+--------+-------+--------------+--------------------+-------------------+--------+---------+

---------------------------------------------------------------------------------
Finished ROM, RAM, DSP and Shift Register Reporting
---------------------------------------------------------------------------------
---------------------------------------------------------------------------------
Start Writing Synthesis Report
---------------------------------------------------------------------------------

Report BlackBoxes: 
+-+--------------+----------+
| |BlackBox name |Instances |
+-+--------------+----------+
+-+--------------+----------+

Report Cell Usage: 
+------+-------+------+
|      |Cell   |Count |
+------+-------+------+
|1     |BUFG   |     1|
|2     |CARRY4 |    30|
|3     |LUT2   |    77|
|4     |LUT3   |    75|
|5     |LUT4   |    36|
|6     |LUT5   |    45|
|7     |LUT6   |    44|
|8     |SRL16E |    32|
|9     |FDCE   |   409|
|10    |FDRE   |    32|
|11    |IBUF   |    35|
|12    |OBUF   |    33|
+------+-------+------+

Report Instance Areas: 
+------+----------------+-------------+------+
|      |Instance        |Module       |Cells |
+------+----------------+-------------+------+
|1     |top             |             |   849|
|2     |  mean_cal_inst |mean_cal_new |   606|
+------+----------------+-------------+------+
---------------------------------------------------------------------------------
Finished Writing Synthesis Report : Time (s): cpu = 00:00:16 ; elapsed = 00:00:16 . Memory (MB): peak = 890.332 ; gain = 550.723
---------------------------------------------------------------------------------
Synthesis finished with 0 errors, 0 critical warnings and 0 warnings.
Synthesis Optimization Runtime : Time (s): cpu = 00:00:10 ; elapsed = 00:00:12 . Memory (MB): peak = 890.332 ; gain = 155.730
Synthesis Optimization Complete : Time (s): cpu = 00:00:16 ; elapsed = 00:00:16 . Memory (MB): peak = 890.332 ; gain = 550.723
INFO: [Project 1-571] Translating synthesized netlist
INFO: [Netlist 29-17] Analyzing 30 Unisim elements for replacement
INFO: [Netlist 29-28] Unisim Transformation completed in 0 CPU seconds
INFO: [Project 1-570] Preparing netlist for logic optimization
INFO: [Opt 31-138] Pushed 0 inverter(s) to 0 load pin(s).
Netlist sorting complete. Time (s): cpu = 00:00:00 ; elapsed = 00:00:00 . Memory (MB): peak = 900.324 ; gain = 0.000
INFO: [Project 1-111] Unisim Transformation Summary:
No Unisim elements were transformed.

INFO: [Common 17-83] Releasing license: Synthesis
15 Infos, 11 Warnings, 8 Critical Warnings and 0 Errors encountered.
synth_design completed successfully
synth_design: Time (s): cpu = 00:00:18 ; elapsed = 00:00:19 . Memory (MB): peak = 900.324 ; gain = 573.762
Netlist sorting complete. Time (s): cpu = 00:00:00 ; elapsed = 00:00:00.001 . Memory (MB): peak = 900.324 ; gain = 0.000
WARNING: [Constraints 18-5210] No constraints selected for write.
Resolution: This message can indicate that there are no constraints for the design, or it can indicate that the used_in flags are set such that the constraints are ignored. This later case is used when running synth_design to not write synthesis constraints to the resulting checkpoint. Instead, project constraints are read when the synthesized design is opened.
INFO: [Common 17-1381] The checkpoint 'D:/YCB/YCB/PROJECT/EEG_signal_processing/FPGA/EEG_cal/EEG_cal.runs/synth_1/MAND.dcp' has been generated.
INFO: [runtcl-4] Executing : report_utilization -file MAND_utilization_synth.rpt -pb MAND_utilization_synth.pb
INFO: [Common 17-206] Exiting Vivado at Fri Nov 14 09:46:29 2025...
